 
 -------------- celery@d214d4d8e317 v4.3.0 (rhubarb)
---- **** ----- 
--- * ***  * -- Linux-4.9.184-linuxkit-x86_64-with-debian-9.9 2019-12-31 17:48:23
-- * - **** --- 
- ** ---------- [config]
- ** ---------- .> app:         project:0x7fc213ce6fd0
- ** ---------- .> transport:   amqp://celery:**@rabbitmq:5672/my_vhost
- ** ---------- .> results:     
- *** --- * --- .> concurrency: 2 (prefork)
-- ******* ---- .> task events: OFF (enable -E to monitor tasks in this worker)
--- ***** ----- 
 -------------- [queues]
                .> celery           exchange=celery(direct) key=celery
                

 
 -------------- celery@e082fac14162 v4.3.0 (rhubarb)
---- **** ----- 
--- * ***  * -- Linux-4.9.184-linuxkit-x86_64-with-debian-9.9 2019-12-31 23:47:41
-- * - **** --- 
- ** ---------- [config]
- ** ---------- .> app:         project:0x7f6014ec5128
- ** ---------- .> transport:   amqp://celery:**@rabbitmq:5672/my_vhost
- ** ---------- .> results:     
- *** --- * --- .> concurrency: 2 (prefork)
-- ******* ---- .> task events: OFF (enable -E to monitor tasks in this worker)
--- ***** ----- 
 -------------- [queues]
                .> celery           exchange=celery(direct) key=celery
                

 
 -------------- celery@28ed51f18a7d v4.3.0 (rhubarb)
---- **** ----- 
--- * ***  * -- Linux-4.9.184-linuxkit-x86_64-with-debian-9.9 2019-12-31 23:57:09
-- * - **** --- 
- ** ---------- [config]
- ** ---------- .> app:         project:0x7f0eb1cfb278
- ** ---------- .> transport:   amqp://celery:**@rabbitmq:5672/my_vhost
- ** ---------- .> results:     
- *** --- * --- .> concurrency: 2 (prefork)
-- ******* ---- .> task events: OFF (enable -E to monitor tasks in this worker)
--- ***** ----- 
 -------------- [queues]
                .> celery           exchange=celery(direct) key=celery
                

 
 -------------- celery@9393000c4db9 v4.3.0 (rhubarb)
---- **** ----- 
--- * ***  * -- Linux-4.9.184-linuxkit-x86_64-with-debian-9.9 2019-12-31 23:59:28
-- * - **** --- 
- ** ---------- [config]
- ** ---------- .> app:         project:0x7fcd70cf7160
- ** ---------- .> transport:   amqp://celery:**@rabbitmq:5672/my_vhost
- ** ---------- .> results:     
- *** --- * --- .> concurrency: 2 (prefork)
-- ******* ---- .> task events: OFF (enable -E to monitor tasks in this worker)
--- ***** ----- 
 -------------- [queues]
                .> celery           exchange=celery(direct) key=celery
                

 
 -------------- celery@a06051549da4 v4.3.0 (rhubarb)
---- **** ----- 
--- * ***  * -- Linux-4.9.184-linuxkit-x86_64-with-debian-9.9 2019-12-31 23:59:39
-- * - **** --- 
- ** ---------- [config]
- ** ---------- .> app:         project:0x7fd3ccaa2f98
- ** ---------- .> transport:   amqp://celery:**@rabbitmq:5672/my_vhost
- ** ---------- .> results:     
- *** --- * --- .> concurrency: 2 (prefork)
-- ******* ---- .> task events: OFF (enable -E to monitor tasks in this worker)
--- ***** ----- 
 -------------- [queues]
                .> celery           exchange=celery(direct) key=celery
                

 
 -------------- celery@a06051549da4 v4.3.0 (rhubarb)
---- **** ----- 
--- * ***  * -- Linux-4.9.184-linuxkit-x86_64-with-debian-9.9 2020-01-01 09:53:35
-- * - **** --- 
- ** ---------- [config]
- ** ---------- .> app:         project:0x7f6370377080
- ** ---------- .> transport:   amqp://celery:**@rabbitmq:5672/my_vhost
- ** ---------- .> results:     
- *** --- * --- .> concurrency: 2 (prefork)
-- ******* ---- .> task events: OFF (enable -E to monitor tasks in this worker)
--- ***** ----- 
 -------------- [queues]
                .> celery           exchange=celery(direct) key=celery
                

 
 -------------- celery@a06051549da4 v4.3.0 (rhubarb)
---- **** ----- 
--- * ***  * -- Linux-4.9.184-linuxkit-x86_64-with-debian-9.9 2020-01-01 09:54:49
-- * - **** --- 
- ** ---------- [config]
- ** ---------- .> app:         project:0x7f2b378100f0
- ** ---------- .> transport:   amqp://celery:**@rabbitmq:5672/my_vhost
- ** ---------- .> results:     
- *** --- * --- .> concurrency: 2 (prefork)
-- ******* ---- .> task events: OFF (enable -E to monitor tasks in this worker)
--- ***** ----- 
 -------------- [queues]
                .> celery           exchange=celery(direct) key=celery
                

 
 -------------- celery@9393000c4db9 v4.3.0 (rhubarb)
---- **** ----- 
--- * ***  * -- Linux-4.9.184-linuxkit-x86_64-with-debian-9.9 2020-01-01 10:45:52
-- * - **** --- 
- ** ---------- [config]
- ** ---------- .> app:         project:0x7fea7805c1d0
- ** ---------- .> transport:   amqp://celery:**@rabbitmq:5672/my_vhost
- ** ---------- .> results:     
- *** --- * --- .> concurrency: 2 (prefork)
-- ******* ---- .> task events: OFF (enable -E to monitor tasks in this worker)
--- ***** ----- 
 -------------- [queues]
                .> celery           exchange=celery(direct) key=celery
                

 
 -------------- celery@a06051549da4 v4.3.0 (rhubarb)
---- **** ----- 
--- * ***  * -- Linux-4.9.184-linuxkit-x86_64-with-debian-9.9 2020-01-01 10:46:28
-- * - **** --- 
- ** ---------- [config]
- ** ---------- .> app:         project:0x7f85f324d0b8
- ** ---------- .> transport:   amqp://celery:**@rabbitmq:5672/my_vhost
- ** ---------- .> results:     
- *** --- * --- .> concurrency: 2 (prefork)
-- ******* ---- .> task events: OFF (enable -E to monitor tasks in this worker)
--- ***** ----- 
 -------------- [queues]
                .> celery           exchange=celery(direct) key=celery
                

 
 -------------- celery@a06051549da4 v4.3.0 (rhubarb)
---- **** ----- 
--- * ***  * -- Linux-4.9.184-linuxkit-x86_64-with-debian-9.9 2020-01-01 21:27:40
-- * - **** --- 
- ** ---------- [config]
- ** ---------- .> app:         project:0x7fcde3b46fd0
- ** ---------- .> transport:   amqp://celery:**@rabbitmq:5672/my_vhost
- ** ---------- .> results:     
- *** --- * --- .> concurrency: 2 (prefork)
-- ******* ---- .> task events: OFF (enable -E to monitor tasks in this worker)
--- ***** ----- 
 -------------- [queues]
                .> celery           exchange=celery(direct) key=celery
                

 
 -------------- celery@a06051549da4 v4.3.0 (rhubarb)
---- **** ----- 
--- * ***  * -- Linux-4.9.184-linuxkit-x86_64-with-debian-9.9 2020-01-02 08:53:08
-- * - **** --- 
- ** ---------- [config]
- ** ---------- .> app:         project:0x7f0936e0b0f0
- ** ---------- .> transport:   amqp://celery:**@rabbitmq:5672/my_vhost
- ** ---------- .> results:     
- *** --- * --- .> concurrency: 2 (prefork)
-- ******* ---- .> task events: OFF (enable -E to monitor tasks in this worker)
--- ***** ----- 
 -------------- [queues]
                .> celery           exchange=celery(direct) key=celery
                

 
 -------------- celery@a06051549da4 v4.3.0 (rhubarb)
---- **** ----- 
--- * ***  * -- Linux-4.9.184-linuxkit-x86_64-with-debian-9.9 2020-01-02 09:05:01
-- * - **** --- 
- ** ---------- [config]
- ** ---------- .> app:         project:0x7fbf7c7b6128
- ** ---------- .> transport:   amqp://celery:**@rabbitmq:5672/my_vhost
- ** ---------- .> results:     
- *** --- * --- .> concurrency: 2 (prefork)
-- ******* ---- .> task events: OFF (enable -E to monitor tasks in this worker)
--- ***** ----- 
 -------------- [queues]
                .> celery           exchange=celery(direct) key=celery
                

 
 -------------- celery@a06051549da4 v4.3.0 (rhubarb)
---- **** ----- 
--- * ***  * -- Linux-4.9.184-linuxkit-x86_64-with-debian-9.9 2020-01-02 09:06:12
-- * - **** --- 
- ** ---------- [config]
- ** ---------- .> app:         project:0x7f6a8d832f28
- ** ---------- .> transport:   amqp://celery:**@rabbitmq:5672/my_vhost
- ** ---------- .> results:     
- *** --- * --- .> concurrency: 2 (prefork)
-- ******* ---- .> task events: OFF (enable -E to monitor tasks in this worker)
--- ***** ----- 
 -------------- [queues]
                .> celery           exchange=celery(direct) key=celery
                

 
 -------------- celery@a06051549da4 v4.3.0 (rhubarb)
---- **** ----- 
--- * ***  * -- Linux-4.9.184-linuxkit-x86_64-with-debian-9.9 2020-01-02 09:51:20
-- * - **** --- 
- ** ---------- [config]
- ** ---------- .> app:         project:0x7facab02f0b8
- ** ---------- .> transport:   amqp://celery:**@rabbitmq:5672/my_vhost
- ** ---------- .> results:     
- *** --- * --- .> concurrency: 2 (prefork)
-- ******* ---- .> task events: OFF (enable -E to monitor tasks in this worker)
--- ***** ----- 
 -------------- [queues]
                .> celery           exchange=celery(direct) key=celery
                

 
 -------------- celery@a06051549da4 v4.3.0 (rhubarb)
---- **** ----- 
--- * ***  * -- Linux-4.9.184-linuxkit-x86_64-with-debian-9.9 2020-01-02 09:52:58
-- * - **** --- 
- ** ---------- [config]
- ** ---------- .> app:         project:0x7eff78c22f98
- ** ---------- .> transport:   amqp://celery:**@rabbitmq:5672/my_vhost
- ** ---------- .> results:     
- *** --- * --- .> concurrency: 2 (prefork)
-- ******* ---- .> task events: OFF (enable -E to monitor tasks in this worker)
--- ***** ----- 
 -------------- [queues]
                .> celery           exchange=celery(direct) key=celery
                

 
 -------------- celery@a06051549da4 v4.3.0 (rhubarb)
---- **** ----- 
--- * ***  * -- Linux-4.9.184-linuxkit-x86_64-with-debian-9.9 2020-01-02 09:57:37
-- * - **** --- 
- ** ---------- [config]
- ** ---------- .> app:         project:0x7f9b13565f98
- ** ---------- .> transport:   amqp://celery:**@rabbitmq:5672/my_vhost
- ** ---------- .> results:     
- *** --- * --- .> concurrency: 2 (prefork)
-- ******* ---- .> task events: OFF (enable -E to monitor tasks in this worker)
--- ***** ----- 
 -------------- [queues]
                .> celery           exchange=celery(direct) key=celery
                

 
 -------------- celery@a06051549da4 v4.3.0 (rhubarb)
---- **** ----- 
--- * ***  * -- Linux-4.9.184-linuxkit-x86_64-with-debian-9.9 2020-01-05 09:48:05
-- * - **** --- 
- ** ---------- [config]
- ** ---------- .> app:         project:0x7f3d6b5970f0
- ** ---------- .> transport:   amqp://celery:**@rabbitmq:5672/my_vhost
- ** ---------- .> results:     
- *** --- * --- .> concurrency: 2 (prefork)
-- ******* ---- .> task events: OFF (enable -E to monitor tasks in this worker)
--- ***** ----- 
 -------------- [queues]
                .> celery           exchange=celery(direct) key=celery
                

 
 -------------- celery@a06051549da4 v4.3.0 (rhubarb)
---- **** ----- 
--- * ***  * -- Linux-4.9.184-linuxkit-x86_64-with-debian-9.9 2020-01-05 09:51:08
-- * - **** --- 
- ** ---------- [config]
- ** ---------- .> app:         project:0x7ff92e60cfd0
- ** ---------- .> transport:   amqp://celery:**@rabbitmq:5672/my_vhost
- ** ---------- .> results:     
- *** --- * --- .> concurrency: 2 (prefork)
-- ******* ---- .> task events: OFF (enable -E to monitor tasks in this worker)
--- ***** ----- 
 -------------- [queues]
                .> celery           exchange=celery(direct) key=celery
                

 
 -------------- celery@a06051549da4 v4.3.0 (rhubarb)
---- **** ----- 
--- * ***  * -- Linux-4.9.184-linuxkit-x86_64-with-debian-9.9 2020-01-05 09:52:38
-- * - **** --- 
- ** ---------- [config]
- ** ---------- .> app:         project:0x7f8e642ed0b8
- ** ---------- .> transport:   amqp://celery:**@rabbitmq:5672/my_vhost
- ** ---------- .> results:     
- *** --- * --- .> concurrency: 2 (prefork)
-- ******* ---- .> task events: OFF (enable -E to monitor tasks in this worker)
--- ***** ----- 
 -------------- [queues]
                .> celery           exchange=celery(direct) key=celery
                

 
 -------------- celery@a06051549da4 v4.3.0 (rhubarb)
---- **** ----- 
--- * ***  * -- Linux-4.9.184-linuxkit-x86_64-with-debian-9.9 2020-01-05 10:01:12
-- * - **** --- 
- ** ---------- [config]
- ** ---------- .> app:         project:0x7f812f04d160
- ** ---------- .> transport:   amqp://celery:**@rabbitmq:5672/my_vhost
- ** ---------- .> results:     
- *** --- * --- .> concurrency: 2 (prefork)
-- ******* ---- .> task events: OFF (enable -E to monitor tasks in this worker)
--- ***** ----- 
 -------------- [queues]
                .> celery           exchange=celery(direct) key=celery
                

 
 -------------- celery@a06051549da4 v4.3.0 (rhubarb)
---- **** ----- 
--- * ***  * -- Linux-4.9.184-linuxkit-x86_64-with-debian-9.9 2020-01-05 10:16:59
-- * - **** --- 
- ** ---------- [config]
- ** ---------- .> app:         project:0x7fc5c35d20b8
- ** ---------- .> transport:   amqp://celery:**@rabbitmq:5672/my_vhost
- ** ---------- .> results:     
- *** --- * --- .> concurrency: 2 (prefork)
-- ******* ---- .> task events: OFF (enable -E to monitor tasks in this worker)
--- ***** ----- 
 -------------- [queues]
                .> celery           exchange=celery(direct) key=celery
                

 
 -------------- celery@a06051549da4 v4.3.0 (rhubarb)
---- **** ----- 
--- * ***  * -- Linux-4.9.184-linuxkit-x86_64-with-debian-9.9 2020-01-05 10:22:18
-- * - **** --- 
- ** ---------- [config]
- ** ---------- .> app:         project:0x7f7dbb1aefd0
- ** ---------- .> transport:   amqp://celery:**@rabbitmq:5672/my_vhost
- ** ---------- .> results:     
- *** --- * --- .> concurrency: 2 (prefork)
-- ******* ---- .> task events: OFF (enable -E to monitor tasks in this worker)
--- ***** ----- 
 -------------- [queues]
                .> celery           exchange=celery(direct) key=celery
                

 
 -------------- celery@a06051549da4 v4.3.0 (rhubarb)
---- **** ----- 
--- * ***  * -- Linux-4.9.184-linuxkit-x86_64-with-debian-9.9 2020-01-05 10:26:55
-- * - **** --- 
- ** ---------- [config]
- ** ---------- .> app:         project:0x7f2c9e4f2080
- ** ---------- .> transport:   amqp://celery:**@rabbitmq:5672/my_vhost
- ** ---------- .> results:     
- *** --- * --- .> concurrency: 2 (prefork)
-- ******* ---- .> task events: OFF (enable -E to monitor tasks in this worker)
--- ***** ----- 
 -------------- [queues]
                .> celery           exchange=celery(direct) key=celery
                

 
 -------------- celery@a06051549da4 v4.3.0 (rhubarb)
---- **** ----- 
--- * ***  * -- Linux-4.9.184-linuxkit-x86_64-with-debian-9.9 2020-01-05 10:29:13
-- * - **** --- 
- ** ---------- [config]
- ** ---------- .> app:         project:0x7fe9bce97048
- ** ---------- .> transport:   amqp://celery:**@rabbitmq:5672/my_vhost
- ** ---------- .> results:     
- *** --- * --- .> concurrency: 2 (prefork)
-- ******* ---- .> task events: OFF (enable -E to monitor tasks in this worker)
--- ***** ----- 
 -------------- [queues]
                .> celery           exchange=celery(direct) key=celery
                

 
 -------------- celery@a06051549da4 v4.3.0 (rhubarb)
---- **** ----- 
--- * ***  * -- Linux-4.9.184-linuxkit-x86_64-with-debian-9.9 2020-01-05 10:30:22
-- * - **** --- 
- ** ---------- [config]
- ** ---------- .> app:         project:0x7f22a5b78048
- ** ---------- .> transport:   amqp://celery:**@rabbitmq:5672/my_vhost
- ** ---------- .> results:     
- *** --- * --- .> concurrency: 2 (prefork)
-- ******* ---- .> task events: OFF (enable -E to monitor tasks in this worker)
--- ***** ----- 
 -------------- [queues]
                .> celery           exchange=celery(direct) key=celery
                

 
 -------------- celery@a06051549da4 v4.3.0 (rhubarb)
---- **** ----- 
--- * ***  * -- Linux-4.9.184-linuxkit-x86_64-with-debian-9.9 2020-01-05 10:32:57
-- * - **** --- 
- ** ---------- [config]
- ** ---------- .> app:         project:0x7fbf4c13afd0
- ** ---------- .> transport:   amqp://celery:**@rabbitmq:5672/my_vhost
- ** ---------- .> results:     
- *** --- * --- .> concurrency: 2 (prefork)
-- ******* ---- .> task events: OFF (enable -E to monitor tasks in this worker)
--- ***** ----- 
 -------------- [queues]
                .> celery           exchange=celery(direct) key=celery
                

 
 -------------- celery@a06051549da4 v4.3.0 (rhubarb)
---- **** ----- 
--- * ***  * -- Linux-4.9.184-linuxkit-x86_64-with-debian-9.9 2020-01-05 10:37:25
-- * - **** --- 
- ** ---------- [config]
- ** ---------- .> app:         project:0x7fb61cf74128
- ** ---------- .> transport:   amqp://celery:**@rabbitmq:5672/my_vhost
- ** ---------- .> results:     
- *** --- * --- .> concurrency: 2 (prefork)
-- ******* ---- .> task events: OFF (enable -E to monitor tasks in this worker)
--- ***** ----- 
 -------------- [queues]
                .> celery           exchange=celery(direct) key=celery
                

 
 -------------- celery@a06051549da4 v4.3.0 (rhubarb)
---- **** ----- 
--- * ***  * -- Linux-4.9.184-linuxkit-x86_64-with-debian-9.9 2020-01-05 10:38:25
-- * - **** --- 
- ** ---------- [config]
- ** ---------- .> app:         project:0x7f22edf25080
- ** ---------- .> transport:   amqp://celery:**@rabbitmq:5672/my_vhost
- ** ---------- .> results:     
- *** --- * --- .> concurrency: 2 (prefork)
-- ******* ---- .> task events: OFF (enable -E to monitor tasks in this worker)
--- ***** ----- 
 -------------- [queues]
                .> celery           exchange=celery(direct) key=celery
                

 
 -------------- celery@a06051549da4 v4.3.0 (rhubarb)
---- **** ----- 
--- * ***  * -- Linux-4.9.184-linuxkit-x86_64-with-debian-9.9 2020-01-05 10:47:39
-- * - **** --- 
- ** ---------- [config]
- ** ---------- .> app:         project:0x7f8406caa160
- ** ---------- .> transport:   amqp://celery:**@rabbitmq:5672/my_vhost
- ** ---------- .> results:     
- *** --- * --- .> concurrency: 2 (prefork)
-- ******* ---- .> task events: OFF (enable -E to monitor tasks in this worker)
--- ***** ----- 
 -------------- [queues]
                .> celery           exchange=celery(direct) key=celery
                

 
 -------------- celery@a06051549da4 v4.3.0 (rhubarb)
---- **** ----- 
--- * ***  * -- Linux-4.9.184-linuxkit-x86_64-with-debian-9.9 2020-01-05 10:48:10
-- * - **** --- 
- ** ---------- [config]
- ** ---------- .> app:         project:0x7fceabd65f98
- ** ---------- .> transport:   amqp://celery:**@rabbitmq:5672/my_vhost
- ** ---------- .> results:     
- *** --- * --- .> concurrency: 2 (prefork)
-- ******* ---- .> task events: OFF (enable -E to monitor tasks in this worker)
--- ***** ----- 
 -------------- [queues]
                .> celery           exchange=celery(direct) key=celery
                

 
 -------------- celery@a06051549da4 v4.3.0 (rhubarb)
---- **** ----- 
--- * ***  * -- Linux-4.9.184-linuxkit-x86_64-with-debian-9.9 2020-01-05 10:48:54
-- * - **** --- 
- ** ---------- [config]
- ** ---------- .> app:         project:0x7f1021e73080
- ** ---------- .> transport:   amqp://celery:**@rabbitmq:5672/my_vhost
- ** ---------- .> results:     
- *** --- * --- .> concurrency: 2 (prefork)
-- ******* ---- .> task events: OFF (enable -E to monitor tasks in this worker)
--- ***** ----- 
 -------------- [queues]
                .> celery           exchange=celery(direct) key=celery
                

 
 -------------- celery@a06051549da4 v4.3.0 (rhubarb)
---- **** ----- 
--- * ***  * -- Linux-4.9.184-linuxkit-x86_64-with-debian-9.9 2020-01-05 11:25:31
-- * - **** --- 
- ** ---------- [config]
- ** ---------- .> app:         project:0x7f218e458048
- ** ---------- .> transport:   amqp://celery:**@rabbitmq:5672/my_vhost
- ** ---------- .> results:     
- *** --- * --- .> concurrency: 2 (prefork)
-- ******* ---- .> task events: OFF (enable -E to monitor tasks in this worker)
--- ***** ----- 
 -------------- [queues]
                .> celery           exchange=celery(direct) key=celery
                

 
 -------------- celery@a06051549da4 v4.3.0 (rhubarb)
---- **** ----- 
--- * ***  * -- Linux-4.9.184-linuxkit-x86_64-with-debian-9.9 2020-01-05 11:28:52
-- * - **** --- 
- ** ---------- [config]
- ** ---------- .> app:         project:0x7fbb41e70128
- ** ---------- .> transport:   amqp://celery:**@rabbitmq:5672/my_vhost
- ** ---------- .> results:     
- *** --- * --- .> concurrency: 2 (prefork)
-- ******* ---- .> task events: OFF (enable -E to monitor tasks in this worker)
--- ***** ----- 
 -------------- [queues]
                .> celery           exchange=celery(direct) key=celery
                

 
 -------------- celery@a06051549da4 v4.3.0 (rhubarb)
---- **** ----- 
--- * ***  * -- Linux-4.9.184-linuxkit-x86_64-with-debian-9.9 2020-01-05 12:38:56
-- * - **** --- 
- ** ---------- [config]
- ** ---------- .> app:         project:0x7f91f6b12080
- ** ---------- .> transport:   amqp://celery:**@rabbitmq:5672/my_vhost
- ** ---------- .> results:     
- *** --- * --- .> concurrency: 2 (prefork)
-- ******* ---- .> task events: OFF (enable -E to monitor tasks in this worker)
--- ***** ----- 
 -------------- [queues]
                .> celery           exchange=celery(direct) key=celery
                

 
 -------------- celery@a06051549da4 v4.3.0 (rhubarb)
---- **** ----- 
--- * ***  * -- Linux-4.9.184-linuxkit-x86_64-with-debian-9.9 2020-01-05 12:40:00
-- * - **** --- 
- ** ---------- [config]
- ** ---------- .> app:         project:0x7f98032a30f0
- ** ---------- .> transport:   amqp://celery:**@rabbitmq:5672/my_vhost
- ** ---------- .> results:     
- *** --- * --- .> concurrency: 2 (prefork)
-- ******* ---- .> task events: OFF (enable -E to monitor tasks in this worker)
--- ***** ----- 
 -------------- [queues]
                .> celery           exchange=celery(direct) key=celery
                

 
 -------------- celery@a06051549da4 v4.3.0 (rhubarb)
---- **** ----- 
--- * ***  * -- Linux-4.9.184-linuxkit-x86_64-with-debian-9.9 2020-01-05 12:42:47
-- * - **** --- 
- ** ---------- [config]
- ** ---------- .> app:         project:0x7f0b8aa16080
- ** ---------- .> transport:   amqp://celery:**@rabbitmq:5672/my_vhost
- ** ---------- .> results:     
- *** --- * --- .> concurrency: 2 (prefork)
-- ******* ---- .> task events: OFF (enable -E to monitor tasks in this worker)
--- ***** ----- 
 -------------- [queues]
                .> celery           exchange=celery(direct) key=celery
                

 
 -------------- celery@a06051549da4 v4.3.0 (rhubarb)
---- **** ----- 
--- * ***  * -- Linux-4.9.184-linuxkit-x86_64-with-debian-9.9 2020-01-06 09:50:51
-- * - **** --- 
- ** ---------- [config]
- ** ---------- .> app:         project:0x7fd1786e5198
- ** ---------- .> transport:   amqp://celery:**@rabbitmq:5672/my_vhost
- ** ---------- .> results:     
- *** --- * --- .> concurrency: 2 (prefork)
-- ******* ---- .> task events: OFF (enable -E to monitor tasks in this worker)
--- ***** ----- 
 -------------- [queues]
                .> celery           exchange=celery(direct) key=celery
                

 
 -------------- celery@a06051549da4 v4.3.0 (rhubarb)
---- **** ----- 
--- * ***  * -- Linux-4.9.184-linuxkit-x86_64-with-debian-9.9 2020-01-06 09:53:27
-- * - **** --- 
- ** ---------- [config]
- ** ---------- .> app:         project:0x7f0f55cf90b8
- ** ---------- .> transport:   amqp://celery:**@rabbitmq:5672/my_vhost
- ** ---------- .> results:     
- *** --- * --- .> concurrency: 2 (prefork)
-- ******* ---- .> task events: OFF (enable -E to monitor tasks in this worker)
--- ***** ----- 
 -------------- [queues]
                .> celery           exchange=celery(direct) key=celery
                

 
 -------------- celery@a06051549da4 v4.3.0 (rhubarb)
---- **** ----- 
--- * ***  * -- Linux-4.9.184-linuxkit-x86_64-with-debian-9.9 2020-01-06 09:56:46
-- * - **** --- 
- ** ---------- [config]
- ** ---------- .> app:         project:0x7fc9a9d620b8
- ** ---------- .> transport:   amqp://celery:**@rabbitmq:5672/my_vhost
- ** ---------- .> results:     
- *** --- * --- .> concurrency: 2 (prefork)
-- ******* ---- .> task events: OFF (enable -E to monitor tasks in this worker)
--- ***** ----- 
 -------------- [queues]
                .> celery           exchange=celery(direct) key=celery
                

 
 -------------- celery@a06051549da4 v4.3.0 (rhubarb)
---- **** ----- 
--- * ***  * -- Linux-4.9.184-linuxkit-x86_64-with-debian-9.9 2020-01-06 09:58:00
-- * - **** --- 
- ** ---------- [config]
- ** ---------- .> app:         project:0x7f6f9aa75f98
- ** ---------- .> transport:   amqp://celery:**@rabbitmq:5672/my_vhost
- ** ---------- .> results:     
- *** --- * --- .> concurrency: 2 (prefork)
-- ******* ---- .> task events: OFF (enable -E to monitor tasks in this worker)
--- ***** ----- 
 -------------- [queues]
                .> celery           exchange=celery(direct) key=celery
                

 
 -------------- celery@a06051549da4 v4.3.0 (rhubarb)
---- **** ----- 
--- * ***  * -- Linux-4.9.184-linuxkit-x86_64-with-debian-9.9 2020-01-06 10:00:17
-- * - **** --- 
- ** ---------- [config]
- ** ---------- .> app:         project:0x7fb466c5c080
- ** ---------- .> transport:   amqp://celery:**@rabbitmq:5672/my_vhost
- ** ---------- .> results:     
- *** --- * --- .> concurrency: 2 (prefork)
-- ******* ---- .> task events: OFF (enable -E to monitor tasks in this worker)
--- ***** ----- 
 -------------- [queues]
                .> celery           exchange=celery(direct) key=celery
                

 
 -------------- celery@a06051549da4 v4.3.0 (rhubarb)
---- **** ----- 
--- * ***  * -- Linux-4.9.184-linuxkit-x86_64-with-debian-9.9 2020-01-06 10:02:01
-- * - **** --- 
- ** ---------- [config]
- ** ---------- .> app:         project:0x7f92e5bcb0f0
- ** ---------- .> transport:   amqp://celery:**@rabbitmq:5672/my_vhost
- ** ---------- .> results:     
- *** --- * --- .> concurrency: 2 (prefork)
-- ******* ---- .> task events: OFF (enable -E to monitor tasks in this worker)
--- ***** ----- 
 -------------- [queues]
                .> celery           exchange=celery(direct) key=celery
                

 
 -------------- celery@a06051549da4 v4.3.0 (rhubarb)
---- **** ----- 
--- * ***  * -- Linux-4.9.184-linuxkit-x86_64-with-debian-9.9 2020-01-06 10:02:49
-- * - **** --- 
- ** ---------- [config]
- ** ---------- .> app:         project:0x7fb70d43e048
- ** ---------- .> transport:   amqp://celery:**@rabbitmq:5672/my_vhost
- ** ---------- .> results:     
- *** --- * --- .> concurrency: 2 (prefork)
-- ******* ---- .> task events: OFF (enable -E to monitor tasks in this worker)
--- ***** ----- 
 -------------- [queues]
                .> celery           exchange=celery(direct) key=celery
                

 
 -------------- celery@a06051549da4 v4.3.0 (rhubarb)
---- **** ----- 
--- * ***  * -- Linux-4.9.184-linuxkit-x86_64-with-debian-9.9 2020-01-06 10:08:30
-- * - **** --- 
- ** ---------- [config]
- ** ---------- .> app:         project:0x7f7b18531f28
- ** ---------- .> transport:   amqp://celery:**@rabbitmq:5672/my_vhost
- ** ---------- .> results:     
- *** --- * --- .> concurrency: 2 (prefork)
-- ******* ---- .> task events: OFF (enable -E to monitor tasks in this worker)
--- ***** ----- 
 -------------- [queues]
                .> celery           exchange=celery(direct) key=celery
                

 
 -------------- celery@a06051549da4 v4.3.0 (rhubarb)
---- **** ----- 
--- * ***  * -- Linux-4.9.184-linuxkit-x86_64-with-debian-9.9 2020-01-06 10:09:05
-- * - **** --- 
- ** ---------- [config]
- ** ---------- .> app:         project:0x7febbc8840b8
- ** ---------- .> transport:   amqp://celery:**@rabbitmq:5672/my_vhost
- ** ---------- .> results:     
- *** --- * --- .> concurrency: 2 (prefork)
-- ******* ---- .> task events: OFF (enable -E to monitor tasks in this worker)
--- ***** ----- 
 -------------- [queues]
                .> celery           exchange=celery(direct) key=celery
                

 
 -------------- celery@a06051549da4 v4.3.0 (rhubarb)
---- **** ----- 
--- * ***  * -- Linux-4.9.184-linuxkit-x86_64-with-debian-9.9 2020-01-06 10:09:38
-- * - **** --- 
- ** ---------- [config]
- ** ---------- .> app:         project:0x7ff2982a30f0
- ** ---------- .> transport:   amqp://celery:**@rabbitmq:5672/my_vhost
- ** ---------- .> results:     
- *** --- * --- .> concurrency: 2 (prefork)
-- ******* ---- .> task events: OFF (enable -E to monitor tasks in this worker)
--- ***** ----- 
 -------------- [queues]
                .> celery           exchange=celery(direct) key=celery
                

 
 -------------- celery@a06051549da4 v4.3.0 (rhubarb)
---- **** ----- 
--- * ***  * -- Linux-4.9.184-linuxkit-x86_64-with-debian-9.9 2020-01-06 17:18:16
-- * - **** --- 
- ** ---------- [config]
- ** ---------- .> app:         project:0x7f3ff9a8f048
- ** ---------- .> transport:   amqp://celery:**@rabbitmq:5672/my_vhost
- ** ---------- .> results:     
- *** --- * --- .> concurrency: 2 (prefork)
-- ******* ---- .> task events: OFF (enable -E to monitor tasks in this worker)
--- ***** ----- 
 -------------- [queues]
                .> celery           exchange=celery(direct) key=celery
                

 
 -------------- celery@a06051549da4 v4.3.0 (rhubarb)
---- **** ----- 
--- * ***  * -- Linux-4.9.184-linuxkit-x86_64-with-debian-9.9 2020-01-06 17:35:34
-- * - **** --- 
- ** ---------- [config]
- ** ---------- .> app:         project:0x7fdc8792df60
- ** ---------- .> transport:   amqp://celery:**@rabbitmq:5672/my_vhost
- ** ---------- .> results:     
- *** --- * --- .> concurrency: 2 (prefork)
-- ******* ---- .> task events: OFF (enable -E to monitor tasks in this worker)
--- ***** ----- 
 -------------- [queues]
                .> celery           exchange=celery(direct) key=celery
                

 
 -------------- celery@250479f94c14 v4.3.0 (rhubarb)
---- **** ----- 
--- * ***  * -- Linux-4.9.184-linuxkit-x86_64-with-debian-9.9 2020-01-06 17:52:13
-- * - **** --- 
- ** ---------- [config]
- ** ---------- .> app:         project:0x7f4d78b9a2b0
- ** ---------- .> transport:   amqp://celery:**@rabbitmq:5672/my_vhost
- ** ---------- .> results:     
- *** --- * --- .> concurrency: 2 (prefork)
-- ******* ---- .> task events: OFF (enable -E to monitor tasks in this worker)
--- ***** ----- 
 -------------- [queues]
                .> celery           exchange=celery(direct) key=celery
                

 
 -------------- celery@9156a44e39a3 v4.3.0 (rhubarb)
---- **** ----- 
--- * ***  * -- Linux-4.9.184-linuxkit-x86_64-with-debian-9.9 2020-01-06 17:54:10
-- * - **** --- 
- ** ---------- [config]
- ** ---------- .> app:         project:0x7ff0733bc160
- ** ---------- .> transport:   amqp://celery:**@rabbitmq:5672/my_vhost
- ** ---------- .> results:     
- *** --- * --- .> concurrency: 2 (prefork)
-- ******* ---- .> task events: OFF (enable -E to monitor tasks in this worker)
--- ***** ----- 
 -------------- [queues]
                .> celery           exchange=celery(direct) key=celery
                

 
 -------------- celery@8cb0ea9470fb v4.3.0 (rhubarb)
---- **** ----- 
--- * ***  * -- Linux-4.9.184-linuxkit-x86_64-with-debian-9.9 2020-01-06 17:54:24
-- * - **** --- 
- ** ---------- [config]
- ** ---------- .> app:         project:0x7f98f28d9048
- ** ---------- .> transport:   amqp://celery:**@rabbitmq:5672/my_vhost
- ** ---------- .> results:     
- *** --- * --- .> concurrency: 2 (prefork)
-- ******* ---- .> task events: OFF (enable -E to monitor tasks in this worker)
--- ***** ----- 
 -------------- [queues]
                .> celery           exchange=celery(direct) key=celery
                

 
 -------------- celery@9156a44e39a3 v4.3.0 (rhubarb)
---- **** ----- 
--- * ***  * -- Linux-4.9.184-linuxkit-x86_64-with-debian-9.9 2020-01-06 18:31:40
-- * - **** --- 
- ** ---------- [config]
- ** ---------- .> app:         project:0x7f39c6fcd278
- ** ---------- .> transport:   amqp://celery:**@rabbitmq:5672/my_vhost
- ** ---------- .> results:     
- *** --- * --- .> concurrency: 2 (prefork)
-- ******* ---- .> task events: OFF (enable -E to monitor tasks in this worker)
--- ***** ----- 
 -------------- [queues]
                .> celery           exchange=celery(direct) key=celery
                

 
 -------------- celery@8cb0ea9470fb v4.3.0 (rhubarb)
---- **** ----- 
--- * ***  * -- Linux-4.9.184-linuxkit-x86_64-with-debian-9.9 2020-01-06 18:32:16
-- * - **** --- 
- ** ---------- [config]
- ** ---------- .> app:         project:0x7f2077234ef0
- ** ---------- .> transport:   amqp://celery:**@rabbitmq:5672/my_vhost
- ** ---------- .> results:     
- *** --- * --- .> concurrency: 2 (prefork)
-- ******* ---- .> task events: OFF (enable -E to monitor tasks in this worker)
--- ***** ----- 
 -------------- [queues]
                .> celery           exchange=celery(direct) key=celery
                

 
 -------------- celery@8cb0ea9470fb v4.3.0 (rhubarb)
---- **** ----- 
--- * ***  * -- Linux-4.9.184-linuxkit-x86_64-with-debian-9.9 2020-01-06 18:36:56
-- * - **** --- 
- ** ---------- [config]
- ** ---------- .> app:         project:0x7f78973fdb70
- ** ---------- .> transport:   amqp://celery:**@rabbitmq:5672/my_vhost
- ** ---------- .> results:     
- *** --- * --- .> concurrency: 2 (prefork)
-- ******* ---- .> task events: OFF (enable -E to monitor tasks in this worker)
--- ***** ----- 
 -------------- [queues]
                .> celery           exchange=celery(direct) key=celery
                

 
 -------------- celery@9156a44e39a3 v4.3.0 (rhubarb)
---- **** ----- 
--- * ***  * -- Linux-4.9.184-linuxkit-x86_64-with-debian-9.9 2020-01-06 19:50:42
-- * - **** --- 
- ** ---------- [config]
- ** ---------- .> app:         project:0x7f0778a56278
- ** ---------- .> transport:   amqp://celery:**@rabbitmq:5672/my_vhost
- ** ---------- .> results:     
- *** --- * --- .> concurrency: 2 (prefork)
-- ******* ---- .> task events: OFF (enable -E to monitor tasks in this worker)
--- ***** ----- 
 -------------- [queues]
                .> celery           exchange=celery(direct) key=celery
                

 
 -------------- celery@658e7781c2f6 v4.3.0 (rhubarb)
---- **** ----- 
--- * ***  * -- Linux-4.9.184-linuxkit-x86_64-with-debian-9.9 2020-01-06 19:51:35
-- * - **** --- 
- ** ---------- [config]
- ** ---------- .> app:         project:0x7f910d499278
- ** ---------- .> transport:   amqp://celery:**@rabbitmq:5672/my_vhost
- ** ---------- .> results:     
- *** --- * --- .> concurrency: 2 (prefork)
-- ******* ---- .> task events: OFF (enable -E to monitor tasks in this worker)
--- ***** ----- 
 -------------- [queues]
                .> celery           exchange=celery(direct) key=celery
                

 
 -------------- celery@bba918bdb51c v4.3.0 (rhubarb)
---- **** ----- 
--- * ***  * -- Linux-4.9.184-linuxkit-x86_64-with-debian-9.9 2020-01-06 19:51:47
-- * - **** --- 
- ** ---------- [config]
- ** ---------- .> app:         project:0x7fe06436c0b8
- ** ---------- .> transport:   amqp://celery:**@rabbitmq:5672/my_vhost
- ** ---------- .> results:     
- *** --- * --- .> concurrency: 2 (prefork)
-- ******* ---- .> task events: OFF (enable -E to monitor tasks in this worker)
--- ***** ----- 
 -------------- [queues]
                .> celery           exchange=celery(direct) key=celery
                

 
 -------------- celery@bba918bdb51c v4.3.0 (rhubarb)
---- **** ----- 
--- * ***  * -- Linux-4.9.184-linuxkit-x86_64-with-debian-9.9 2020-01-07 22:41:52
-- * - **** --- 
- ** ---------- [config]
- ** ---------- .> app:         project:0x7f2e18d81080
- ** ---------- .> transport:   amqp://celery:**@rabbitmq:5672/my_vhost
- ** ---------- .> results:     
- *** --- * --- .> concurrency: 2 (prefork)
-- ******* ---- .> task events: OFF (enable -E to monitor tasks in this worker)
--- ***** ----- 
 -------------- [queues]
                .> celery           exchange=celery(direct) key=celery
                

 
 -------------- celery@bba918bdb51c v4.3.0 (rhubarb)
---- **** ----- 
--- * ***  * -- Linux-4.9.184-linuxkit-x86_64-with-debian-9.9 2020-01-07 22:55:39
-- * - **** --- 
- ** ---------- [config]
- ** ---------- .> app:         project:0x7fc2e116c128
- ** ---------- .> transport:   amqp://celery:**@rabbitmq:5672/my_vhost
- ** ---------- .> results:     
- *** --- * --- .> concurrency: 2 (prefork)
-- ******* ---- .> task events: OFF (enable -E to monitor tasks in this worker)
--- ***** ----- 
 -------------- [queues]
                .> celery           exchange=celery(direct) key=celery
                

 
 -------------- celery@bba918bdb51c v4.3.0 (rhubarb)
---- **** ----- 
--- * ***  * -- Linux-4.9.184-linuxkit-x86_64-with-debian-9.9 2020-01-08 10:34:52
-- * - **** --- 
- ** ---------- [config]
- ** ---------- .> app:         project:0x7f0c960fd080
- ** ---------- .> transport:   amqp://celery:**@rabbitmq:5672/my_vhost
- ** ---------- .> results:     
- *** --- * --- .> concurrency: 2 (prefork)
-- ******* ---- .> task events: OFF (enable -E to monitor tasks in this worker)
--- ***** ----- 
 -------------- [queues]
                .> celery           exchange=celery(direct) key=celery
                

 
 -------------- celery@bba918bdb51c v4.3.0 (rhubarb)
---- **** ----- 
--- * ***  * -- Linux-4.9.184-linuxkit-x86_64-with-debian-9.9 2020-01-08 10:37:34
-- * - **** --- 
- ** ---------- [config]
- ** ---------- .> app:         project:0x7fa999525048
- ** ---------- .> transport:   amqp://celery:**@rabbitmq:5672/my_vhost
- ** ---------- .> results:     
- *** --- * --- .> concurrency: 2 (prefork)
-- ******* ---- .> task events: OFF (enable -E to monitor tasks in this worker)
--- ***** ----- 
 -------------- [queues]
                .> celery           exchange=celery(direct) key=celery
                

 
 -------------- celery@bba918bdb51c v4.3.0 (rhubarb)
---- **** ----- 
--- * ***  * -- Linux-4.9.184-linuxkit-x86_64-with-debian-9.9 2020-01-08 11:29:30
-- * - **** --- 
- ** ---------- [config]
- ** ---------- .> app:         project:0x7f881395d0b8
- ** ---------- .> transport:   amqp://celery:**@rabbitmq:5672/my_vhost
- ** ---------- .> results:     
- *** --- * --- .> concurrency: 2 (prefork)
-- ******* ---- .> task events: OFF (enable -E to monitor tasks in this worker)
--- ***** ----- 
 -------------- [queues]
                .> celery           exchange=celery(direct) key=celery
                

 
 -------------- celery@bba918bdb51c v4.3.0 (rhubarb)
---- **** ----- 
--- * ***  * -- Linux-4.9.184-linuxkit-x86_64-with-debian-9.9 2020-01-08 12:20:01
-- * - **** --- 
- ** ---------- [config]
- ** ---------- .> app:         project:0x7fa7467570b8
- ** ---------- .> transport:   amqp://celery:**@rabbitmq:5672/my_vhost
- ** ---------- .> results:     
- *** --- * --- .> concurrency: 2 (prefork)
-- ******* ---- .> task events: OFF (enable -E to monitor tasks in this worker)
--- ***** ----- 
 -------------- [queues]
                .> celery           exchange=celery(direct) key=celery
                

 
 -------------- celery@bba918bdb51c v4.3.0 (rhubarb)
---- **** ----- 
--- * ***  * -- Linux-4.9.184-linuxkit-x86_64-with-debian-9.9 2020-01-08 12:50:26
-- * - **** --- 
- ** ---------- [config]
- ** ---------- .> app:         project:0x7fd76becdfd0
- ** ---------- .> transport:   amqp://celery:**@rabbitmq:5672/my_vhost
- ** ---------- .> results:     
- *** --- * --- .> concurrency: 2 (prefork)
-- ******* ---- .> task events: OFF (enable -E to monitor tasks in this worker)
--- ***** ----- 
 -------------- [queues]
                .> celery           exchange=celery(direct) key=celery
                

 
 -------------- celery@bba918bdb51c v4.3.0 (rhubarb)
---- **** ----- 
--- * ***  * -- Linux-4.9.184-linuxkit-x86_64-with-debian-9.9 2020-01-08 13:33:34
-- * - **** --- 
- ** ---------- [config]
- ** ---------- .> app:         project:0x7f36a7812128
- ** ---------- .> transport:   amqp://celery:**@rabbitmq:5672/my_vhost
- ** ---------- .> results:     
- *** --- * --- .> concurrency: 2 (prefork)
-- ******* ---- .> task events: OFF (enable -E to monitor tasks in this worker)
--- ***** ----- 
 -------------- [queues]
                .> celery           exchange=celery(direct) key=celery
                

 
 -------------- celery@bba918bdb51c v4.3.0 (rhubarb)
---- **** ----- 
--- * ***  * -- Linux-4.9.184-linuxkit-x86_64-with-debian-9.9 2020-01-08 13:34:01
-- * - **** --- 
- ** ---------- [config]
- ** ---------- .> app:         project:0x7f98836b1f60
- ** ---------- .> transport:   amqp://celery:**@rabbitmq:5672/my_vhost
- ** ---------- .> results:     
- *** --- * --- .> concurrency: 2 (prefork)
-- ******* ---- .> task events: OFF (enable -E to monitor tasks in this worker)
--- ***** ----- 
 -------------- [queues]
                .> celery           exchange=celery(direct) key=celery
                

 
 -------------- celery@bba918bdb51c v4.3.0 (rhubarb)
---- **** ----- 
--- * ***  * -- Linux-4.9.184-linuxkit-x86_64-with-debian-9.9 2020-01-08 13:35:23
-- * - **** --- 
- ** ---------- [config]
- ** ---------- .> app:         project:0x7f025bbab048
- ** ---------- .> transport:   amqp://celery:**@rabbitmq:5672/my_vhost
- ** ---------- .> results:     
- *** --- * --- .> concurrency: 2 (prefork)
-- ******* ---- .> task events: OFF (enable -E to monitor tasks in this worker)
--- ***** ----- 
 -------------- [queues]
                .> celery           exchange=celery(direct) key=celery
                

 
 -------------- celery@bba918bdb51c v4.3.0 (rhubarb)
---- **** ----- 
--- * ***  * -- Linux-4.9.184-linuxkit-x86_64-with-debian-9.9 2020-01-08 13:36:13
-- * - **** --- 
- ** ---------- [config]
- ** ---------- .> app:         project:0x7f9f0c69f0b8
- ** ---------- .> transport:   amqp://celery:**@rabbitmq:5672/my_vhost
- ** ---------- .> results:     
- *** --- * --- .> concurrency: 2 (prefork)
-- ******* ---- .> task events: OFF (enable -E to monitor tasks in this worker)
--- ***** ----- 
 -------------- [queues]
                .> celery           exchange=celery(direct) key=celery
                

 
 -------------- celery@bba918bdb51c v4.3.0 (rhubarb)
---- **** ----- 
--- * ***  * -- Linux-4.9.184-linuxkit-x86_64-with-debian-9.9 2020-01-08 13:52:00
-- * - **** --- 
- ** ---------- [config]
- ** ---------- .> app:         project:0x7f9d88189f98
- ** ---------- .> transport:   amqp://celery:**@rabbitmq:5672/my_vhost
- ** ---------- .> results:     
- *** --- * --- .> concurrency: 2 (prefork)
-- ******* ---- .> task events: OFF (enable -E to monitor tasks in this worker)
--- ***** ----- 
 -------------- [queues]
                .> celery           exchange=celery(direct) key=celery
                

 
 -------------- celery@bba918bdb51c v4.3.0 (rhubarb)
---- **** ----- 
--- * ***  * -- Linux-4.9.184-linuxkit-x86_64-with-debian-9.9 2020-01-08 13:52:41
-- * - **** --- 
- ** ---------- [config]
- ** ---------- .> app:         project:0x7f67a2be20b8
- ** ---------- .> transport:   amqp://celery:**@rabbitmq:5672/my_vhost
- ** ---------- .> results:     
- *** --- * --- .> concurrency: 2 (prefork)
-- ******* ---- .> task events: OFF (enable -E to monitor tasks in this worker)
--- ***** ----- 
 -------------- [queues]
                .> celery           exchange=celery(direct) key=celery
                

 
 -------------- celery@bba918bdb51c v4.3.0 (rhubarb)
---- **** ----- 
--- * ***  * -- Linux-4.9.184-linuxkit-x86_64-with-debian-9.9 2020-01-08 18:17:26
-- * - **** --- 
- ** ---------- [config]
- ** ---------- .> app:         project:0x7f6817f62f28
- ** ---------- .> transport:   amqp://celery:**@rabbitmq:5672/my_vhost
- ** ---------- .> results:     
- *** --- * --- .> concurrency: 2 (prefork)
-- ******* ---- .> task events: OFF (enable -E to monitor tasks in this worker)
--- ***** ----- 
 -------------- [queues]
                .> celery           exchange=celery(direct) key=celery
                

 
 -------------- celery@bba918bdb51c v4.3.0 (rhubarb)
---- **** ----- 
--- * ***  * -- Linux-4.9.184-linuxkit-x86_64-with-debian-9.9 2020-01-09 13:39:05
-- * - **** --- 
- ** ---------- [config]
- ** ---------- .> app:         project:0x7f2ea9760128
- ** ---------- .> transport:   amqp://celery:**@rabbitmq:5672/my_vhost
- ** ---------- .> results:     
- *** --- * --- .> concurrency: 2 (prefork)
-- ******* ---- .> task events: OFF (enable -E to monitor tasks in this worker)
--- ***** ----- 
 -------------- [queues]
                .> celery           exchange=celery(direct) key=celery
                

